# JRE version: Java(TM) SE Runtime Environment (8.0_231-b11) (build 1.8.0_231-b11)
# Java VM: Java HotSpot(TM) 64-Bit Server VM (25.231-b11 mixed mode windows-amd64 compressed oops)
Heap:
 PSYoungGen      total 134144K, used 83931K [0x00000000d5f80000, 0x00000000df080000, 0x0000000100000000)
  eden space 123904K, 59% used [0x00000000d5f80000,0x00000000da77aac0,0x00000000dd880000)
  from space 10240K, 99% used [0x00000000de400000,0x00000000dedfc488,0x00000000dee00000)
  to   space 11776K, 0% used [0x00000000dd880000,0x00000000dd880000,0x00000000de400000)
 ParOldGen       total 67584K, used 21045K [0x0000000081e00000, 0x0000000086000000, 0x00000000d5f80000)
  object space 67584K, 31% used [0x0000000081e00000,0x000000008328d4c0,0x0000000086000000)
 Metaspace       used 47097K, capacity 49746K, committed 49920K, reserved 1091584K
  class space    used 6618K, capacity 7083K, committed 7168K, reserved 1048576K
GC Heap History (10 events):
Event: 10.020 GC heap before
{Heap before GC invocations=8 (full 1):
 PSYoungGen      total 73728K, used 68064K [0x00000000d5f80000, 0x00000000db200000, 0x0000000100000000)
  eden space 65024K, 100% used [0x00000000d5f80000,0x00000000d9f00000,0x00000000d9f00000)
  from space 8704K, 34% used [0x00000000da980000,0x00000000dac78148,0x00000000db200000)
  to   space 9728K, 0% used [0x00000000d9f00000,0x00000000d9f00000,0x00000000da880000)
 ParOldGen       total 45056K, used 5575K [0x0000000081e00000, 0x0000000084a00000, 0x00000000d5f80000)
  object space 45056K, 12% used [0x0000000081e00000,0x0000000082371f08,0x0000000084a00000)
 Metaspace       used 23994K, capacity 25036K, committed 25088K, reserved 1071104K
  class space    used 3330K, capacity 3561K, committed 3584K, reserved 1048576K
Event: 10.032 GC heap after
Heap after GC invocations=8 (full 1):
 PSYoungGen      total 74752K, used 7368K [0x00000000d5f80000, 0x00000000dee00000, 0x0000000100000000)
  eden space 65024K, 0% used [0x00000000d5f80000,0x00000000d5f80000,0x00000000d9f00000)
  from space 9728K, 75% used [0x00000000d9f00000,0x00000000da632298,0x00000000da880000)
  to   space 10240K, 0% used [0x00000000de400000,0x00000000de400000,0x00000000dee00000)
 ParOldGen       total 45056K, used 5583K [0x0000000081e00000, 0x0000000084a00000, 0x00000000d5f80000)
  object space 45056K, 12% used [0x0000000081e00000,0x0000000082373f08,0x0000000084a00000)
 Metaspace       used 23994K, capacity 25036K, committed 25088K, reserved 1071104K
  class space    used 3330K, capacity 3561K, committed 3584K, reserved 1048576K
}
Event: 10.959 GC heap before
{Heap before GC invocations=9 (full 1):
 PSYoungGen      total 74752K, used 72392K [0x00000000d5f80000, 0x00000000dee00000, 0x0000000100000000)
  eden space 65024K, 100% used [0x00000000d5f80000,0x00000000d9f00000,0x00000000d9f00000)
  from space 9728K, 75% used [0x00000000d9f00000,0x00000000da632298,0x00000000da880000)
  to   space 10240K, 0% used [0x00000000de400000,0x00000000de400000,0x00000000dee00000)
 ParOldGen       total 45056K, used 5583K [0x0000000081e00000, 0x0000000084a00000, 0x00000000d5f80000)
  object space 45056K, 12% used [0x0000000081e00000,0x0000000082373f08,0x0000000084a00000)
 Metaspace       used 29209K, capacity 30766K, committed 31104K, reserved 1075200K
  class space    used 4072K, capacity 4382K, committed 4480K, reserved 1048576K
Event: 10.971 GC heap after
Heap after GC invocations=9 (full 1):
 PSYoungGen      total 134144K, used 10216K [0x00000000d5f80000, 0x00000000df080000, 0x0000000100000000)
  eden space 123904K, 0% used [0x00000000d5f80000,0x00000000d5f80000,0x00000000dd880000)
  from space 10240K, 99% used [0x00000000de400000,0x00000000dedfa370,0x00000000dee00000)
  to   space 11776K, 0% used [0x00000000dd880000,0x00000000dd880000,0x00000000de400000)
 ParOldGen       total 45056K, used 6355K [0x0000000081e00000, 0x0000000084a00000, 0x00000000d5f80000)
  object space 45056K, 14% used [0x0000000081e00000,0x0000000082434f50,0x0000000084a00000)
 Metaspace       used 29209K, capacity 30766K, committed 31104K, reserved 1075200K
  class space    used 4072K, capacity 4382K, committed 4480K, reserved 1048576K
}
Event: 13.469 GC heap before
{Heap before GC invocations=10 (full 1):
 PSYoungGen      total 134144K, used 90976K [0x00000000d5f80000, 0x00000000df080000, 0x0000000100000000)
  eden space 123904K, 65% used [0x00000000d5f80000,0x00000000dae5de88,0x00000000dd880000)
  from space 10240K, 99% used [0x00000000de400000,0x00000000dedfa370,0x00000000dee00000)
  to   space 11776K, 0% used [0x00000000dd880000,0x00000000dd880000,0x00000000de400000)
 ParOldGen       total 45056K, used 6355K [0x0000000081e00000, 0x0000000084a00000, 0x00000000d5f80000)
  object space 45056K, 14% used [0x0000000081e00000,0x0000000082434f50,0x0000000084a00000)
 Metaspace       used 33487K, capacity 35264K, committed 35416K, reserved 1079296K
  class space    used 4663K, capacity 5019K, committed 5120K, reserved 1048576K
Event: 13.483 GC heap after
Heap after GC invocations=10 (full 1):
 PSYoungGen      total 135680K, used 11764K [0x00000000d5f80000, 0x00000000df080000, 0x0000000100000000)
  eden space 123904K, 0% used [0x00000000d5f80000,0x00000000d5f80000,0x00000000dd880000)
  from space 11776K, 99% used [0x00000000dd880000,0x00000000de3fd0b0,0x00000000de400000)
  to   space 10240K, 0% used [0x00000000de400000,0x00000000de400000,0x00000000dee00000)
 ParOldGen       total 45056K, used 8222K [0x0000000081e00000, 0x0000000084a00000, 0x00000000d5f80000)
  object space 45056K, 18% used [0x0000000081e00000,0x0000000082607a70,0x0000000084a00000)
 Metaspace       used 33487K, capacity 35264K, committed 35416K, reserved 1079296K
  class space    used 4663K, capacity 5019K, committed 5120K, reserved 1048576K
}
Event: 13.483 GC heap before
{Heap before GC invocations=11 (full 2):
 PSYoungGen      total 135680K, used 11764K [0x00000000d5f80000, 0x00000000df080000, 0x0000000100000000)
  eden space 123904K, 0% used [0x00000000d5f80000,0x00000000d5f80000,0x00000000dd880000)
  from space 11776K, 99% used [0x00000000dd880000,0x00000000de3fd0b0,0x00000000de400000)
  to   space 10240K, 0% used [0x00000000de400000,0x00000000de400000,0x00000000dee00000)
 ParOldGen       total 45056K, used 8222K [0x0000000081e00000, 0x0000000084a00000, 0x00000000d5f80000)
  object space 45056K, 18% used [0x0000000081e00000,0x0000000082607a70,0x0000000084a00000)
 Metaspace       used 33487K, capacity 35264K, committed 35416K, reserved 1079296K
  class space    used 4663K, capacity 5019K, committed 5120K, reserved 1048576K
Event: 13.587 GC heap after
Heap after GC invocations=11 (full 2):
 PSYoungGen      total 135680K, used 0K [0x00000000d5f80000, 0x00000000df080000, 0x0000000100000000)
  eden space 123904K, 0% used [0x00000000d5f80000,0x00000000d5f80000,0x00000000dd880000)
  from space 11776K, 0% used [0x00000000dd880000,0x00000000dd880000,0x00000000de400000)
  to   space 10240K, 0% used [0x00000000de400000,0x00000000de400000,0x00000000dee00000)
 ParOldGen       total 67584K, used 18122K [0x0000000081e00000, 0x0000000086000000, 0x00000000d5f80000)
  object space 67584K, 26% used [0x0000000081e00000,0x0000000082fb2810,0x0000000086000000)
 Metaspace       used 33487K, capacity 35264K, committed 35416K, reserved 1079296K
  class space    used 4663K, capacity 5019K, committed 5120K, reserved 1048576K
}
Event: 15.965 GC heap before
{Heap before GC invocations=12 (full 2):
 PSYoungGen      total 135680K, used 123904K [0x00000000d5f80000, 0x00000000df080000, 0x0000000100000000)
  eden space 123904K, 100% used [0x00000000d5f80000,0x00000000dd880000,0x00000000dd880000)
  from space 11776K, 0% used [0x00000000dd880000,0x00000000dd880000,0x00000000de400000)
  to   space 10240K, 0% used [0x00000000de400000,0x00000000de400000,0x00000000dee00000)
 ParOldGen       total 67584K, used 18122K [0x0000000081e00000, 0x0000000086000000, 0x00000000d5f80000)
  object space 67584K, 26% used [0x0000000081e00000,0x0000000082fb2810,0x0000000086000000)
 Metaspace       used 42167K, capacity 44670K, committed 44928K, reserved 1087488K
  class space    used 5936K, capacity 6401K, committed 6528K, reserved 1048576K
Event: 15.978 GC heap after
Heap after GC invocations=12 (full 2):
 PSYoungGen      total 134144K, used 10225K [0x00000000d5f80000, 0x00000000df080000, 0x0000000100000000)
  eden space 123904K, 0% used [0x00000000d5f80000,0x00000000d5f80000,0x00000000dd880000)
  from space 10240K, 99% used [0x00000000de400000,0x00000000dedfc488,0x00000000dee00000)
  to   space 11776K, 0% used [0x00000000dd880000,0x00000000dd880000,0x00000000de400000)
 ParOldGen       total 67584K, used 21045K [0x0000000081e00000, 0x0000000086000000, 0x00000000d5f80000)
  object space 67584K, 31% used [0x0000000081e00000,0x000000008328d4c0,0x0000000086000000)
 Metaspace       used 42167K, capacity 44670K, committed 44928K, reserved 1087488K
  class space    used 5936K, capacity 6401K, committed 6528K, reserved 1048576K
}

